<?xml version="1.0" encoding="UTF-8"?>
<testsuite name="org.example.ChildTest" tests="1" skipped="0" failures="0" errors="0" timestamp="2022-12-19T15:48:41" hostname="FRLFK0635005441" time="0.013">
  <properties/>
  <testcase name="alfa()" classname="org.example.ChildTest" time="0.013"/>
  <system-out><![CDATA[]]></system-out>
  <system-err><![CDATA[]]></system-err>
</testsuite>
